;  LST file generated by mikroListExporter - v.2.0 
; Date/Time: 5/29/2024 3:54:35 PM
;----------------------------------------------

;Address Opcode 	ASM
0x0000	0x2887      	GOTO       135
_beep:
;july31.c,4 :: 		void beep(int beeps){
;july31.c,6 :: 		for(x = 0; x < beeps; x++){
0x0003	0x1283      	BCF        STATUS, 5
0x0004	0x1303      	BCF        STATUS, 6
0x0005	0x01A2      	CLRF       _x
0x0006	0x01A3      	CLRF       _x+1
L_beep0:
0x0007	0x3080      	MOVLW      128
0x0008	0x0623      	XORWF      _x+1, 0
0x0009	0x00F0      	MOVWF      R0
0x000A	0x3080      	MOVLW      128
0x000B	0x0625      	XORWF      FARG_beep_beeps+1, 0
0x000C	0x0270      	SUBWF      R0, 0
0x000D	0x1D03      	BTFSS      STATUS, 2
0x000E	0x2811      	GOTO       L__beep15
0x000F	0x0824      	MOVF       FARG_beep_beeps, 0
0x0010	0x0222      	SUBWF      _x, 0
L__beep15:
0x0011	0x1803      	BTFSC      STATUS, 0
0x0012	0x2835      	GOTO       L_beep1
;july31.c,7 :: 		BUZZER = 1;
0x0013	0x1607      	BSF        PORTC, 4
;july31.c,8 :: 		delay_ms(500);
0x0014	0x3003      	MOVLW      3
0x0015	0x00FB      	MOVWF      R11
0x0016	0x308A      	MOVLW      138
0x0017	0x00FC      	MOVWF      R12
0x0018	0x3055      	MOVLW      85
0x0019	0x00FD      	MOVWF      R13
L_beep3:
0x001A	0x0BFD      	DECFSZ     R13, 1
0x001B	0x281A      	GOTO       L_beep3
0x001C	0x0BFC      	DECFSZ     R12, 1
0x001D	0x281A      	GOTO       L_beep3
0x001E	0x0BFB      	DECFSZ     R11, 1
0x001F	0x281A      	GOTO       L_beep3
0x0020	0x0000      	NOP
0x0021	0x0000      	NOP
;july31.c,9 :: 		BUZZER = 0;
0x0022	0x1207      	BCF        PORTC, 4
;july31.c,10 :: 		delay_ms(500);
0x0023	0x3003      	MOVLW      3
0x0024	0x00FB      	MOVWF      R11
0x0025	0x308A      	MOVLW      138
0x0026	0x00FC      	MOVWF      R12
0x0027	0x3055      	MOVLW      85
0x0028	0x00FD      	MOVWF      R13
L_beep4:
0x0029	0x0BFD      	DECFSZ     R13, 1
0x002A	0x2829      	GOTO       L_beep4
0x002B	0x0BFC      	DECFSZ     R12, 1
0x002C	0x2829      	GOTO       L_beep4
0x002D	0x0BFB      	DECFSZ     R11, 1
0x002E	0x2829      	GOTO       L_beep4
0x002F	0x0000      	NOP
0x0030	0x0000      	NOP
;july31.c,6 :: 		for(x = 0; x < beeps; x++){
0x0031	0x0AA2      	INCF       _x, 1
0x0032	0x1903      	BTFSC      STATUS, 2
0x0033	0x0AA3      	INCF       _x+1, 1
;july31.c,11 :: 		}
0x0034	0x2807      	GOTO       L_beep0
L_beep1:
;july31.c,12 :: 		}
L_end_beep:
0x0035	0x0008      	RETURN
; end of _beep
_Rel:
;july31.c,13 :: 		void Rel(int steps){
;july31.c,14 :: 		for(x = 0; x < steps; x++){
0x0036	0x1283      	BCF        STATUS, 5
0x0037	0x1303      	BCF        STATUS, 6
0x0038	0x01A2      	CLRF       _x
0x0039	0x01A3      	CLRF       _x+1
L_Rel5:
0x003A	0x3080      	MOVLW      128
0x003B	0x0623      	XORWF      _x+1, 0
0x003C	0x00F0      	MOVWF      R0
0x003D	0x3080      	MOVLW      128
0x003E	0x0625      	XORWF      FARG_Rel_steps+1, 0
0x003F	0x0270      	SUBWF      R0, 0
0x0040	0x1D03      	BTFSS      STATUS, 2
0x0041	0x2844      	GOTO       L__Rel17
0x0042	0x0824      	MOVF       FARG_Rel_steps, 0
0x0043	0x0222      	SUBWF      _x, 0
L__Rel17:
0x0044	0x1803      	BTFSC      STATUS, 0
0x0045	0x2886      	GOTO       L_Rel6
;july31.c,15 :: 		RELAY_ONE = 1;
0x0046	0x1407      	BSF        PORTC, 0
;july31.c,16 :: 		delay_ms(500);
0x0047	0x3003      	MOVLW      3
0x0048	0x00FB      	MOVWF      R11
0x0049	0x308A      	MOVLW      138
0x004A	0x00FC      	MOVWF      R12
0x004B	0x3055      	MOVLW      85
0x004C	0x00FD      	MOVWF      R13
L_Rel8:
0x004D	0x0BFD      	DECFSZ     R13, 1
0x004E	0x284D      	GOTO       L_Rel8
0x004F	0x0BFC      	DECFSZ     R12, 1
0x0050	0x284D      	GOTO       L_Rel8
0x0051	0x0BFB      	DECFSZ     R11, 1
0x0052	0x284D      	GOTO       L_Rel8
0x0053	0x0000      	NOP
0x0054	0x0000      	NOP
;july31.c,17 :: 		RELAY_ONE = 0;
0x0055	0x1007      	BCF        PORTC, 0
;july31.c,18 :: 		delay_ms(500);
0x0056	0x3003      	MOVLW      3
0x0057	0x00FB      	MOVWF      R11
0x0058	0x308A      	MOVLW      138
0x0059	0x00FC      	MOVWF      R12
0x005A	0x3055      	MOVLW      85
0x005B	0x00FD      	MOVWF      R13
L_Rel9:
0x005C	0x0BFD      	DECFSZ     R13, 1
0x005D	0x285C      	GOTO       L_Rel9
0x005E	0x0BFC      	DECFSZ     R12, 1
0x005F	0x285C      	GOTO       L_Rel9
0x0060	0x0BFB      	DECFSZ     R11, 1
0x0061	0x285C      	GOTO       L_Rel9
0x0062	0x0000      	NOP
0x0063	0x0000      	NOP
;july31.c,19 :: 		RELAY_TWO = 1;
0x0064	0x1487      	BSF        PORTC, 1
;july31.c,20 :: 		delay_ms(500);
0x0065	0x3003      	MOVLW      3
0x0066	0x00FB      	MOVWF      R11
0x0067	0x308A      	MOVLW      138
0x0068	0x00FC      	MOVWF      R12
0x0069	0x3055      	MOVLW      85
0x006A	0x00FD      	MOVWF      R13
L_Rel10:
0x006B	0x0BFD      	DECFSZ     R13, 1
0x006C	0x286B      	GOTO       L_Rel10
0x006D	0x0BFC      	DECFSZ     R12, 1
0x006E	0x286B      	GOTO       L_Rel10
0x006F	0x0BFB      	DECFSZ     R11, 1
0x0070	0x286B      	GOTO       L_Rel10
0x0071	0x0000      	NOP
0x0072	0x0000      	NOP
;july31.c,21 :: 		RELAY_TWO = 0;
0x0073	0x1087      	BCF        PORTC, 1
;july31.c,22 :: 		delay_ms(500);
0x0074	0x3003      	MOVLW      3
0x0075	0x00FB      	MOVWF      R11
0x0076	0x308A      	MOVLW      138
0x0077	0x00FC      	MOVWF      R12
0x0078	0x3055      	MOVLW      85
0x0079	0x00FD      	MOVWF      R13
L_Rel11:
0x007A	0x0BFD      	DECFSZ     R13, 1
0x007B	0x287A      	GOTO       L_Rel11
0x007C	0x0BFC      	DECFSZ     R12, 1
0x007D	0x287A      	GOTO       L_Rel11
0x007E	0x0BFB      	DECFSZ     R11, 1
0x007F	0x287A      	GOTO       L_Rel11
0x0080	0x0000      	NOP
0x0081	0x0000      	NOP
;july31.c,14 :: 		for(x = 0; x < steps; x++){
0x0082	0x0AA2      	INCF       _x, 1
0x0083	0x1903      	BTFSC      STATUS, 2
0x0084	0x0AA3      	INCF       _x+1, 1
;july31.c,23 :: 		}
0x0085	0x283A      	GOTO       L_Rel5
L_Rel6:
;july31.c,24 :: 		}
L_end_Rel:
0x0086	0x0008      	RETURN
; end of _Rel
_main:
;july31.c,27 :: 		void main() {
;july31.c,28 :: 		LED_ARRAY_DIR = PORT_OUTPUT;
0x0087	0x1683      	BSF        STATUS, 5
0x0088	0x1303      	BCF        STATUS, 6
0x0089	0x0188      	CLRF       TRISD
;july31.c,29 :: 		LED_ARRAY=0;
0x008A	0x1283      	BCF        STATUS, 5
0x008B	0x0188      	CLRF       PORTD
;july31.c,30 :: 		RELAY_ONE_DIR = PIN_OUTPUT;
0x008C	0x1683      	BSF        STATUS, 5
0x008D	0x1007      	BCF        TRISC, 0
;july31.c,31 :: 		RELAY_TWO_DIR = PIN_OUTPUT;
0x008E	0x1087      	BCF        TRISC, 1
;july31.c,32 :: 		BUZZER_DIR = PIN_OUTPUT;
0x008F	0x1207      	BCF        TRISC, 4
;july31.c,34 :: 		while(1)
L_main12:
;july31.c,36 :: 		beep(2);
0x0090	0x3002      	MOVLW      2
0x0091	0x1283      	BCF        STATUS, 5
0x0092	0x00A4      	MOVWF      FARG_beep_beeps
0x0093	0x3000      	MOVLW      0
0x0094	0x00A5      	MOVWF      FARG_beep_beeps+1
0x0095	0x2003      	CALL       _beep
;july31.c,37 :: 		Rel(5);
0x0096	0x3005      	MOVLW      5
0x0097	0x00A4      	MOVWF      FARG_Rel_steps
0x0098	0x3000      	MOVLW      0
0x0099	0x00A5      	MOVWF      FARG_Rel_steps+1
0x009A	0x2036      	CALL       _Rel
;july31.c,39 :: 		}
0x009B	0x2890      	GOTO       L_main12
;july31.c,40 :: 		}
L_end_main:
0x009C	0x289C      	GOTO       $+0
; end of _main
Symbol List:
//** Routines locations **
//ADDRESS    SIZE    PROCEDURE
//----------------------------------------------
0x0003      [51]    _beep
0x0036      [81]    _Rel
0x0087      [22]    _main
//** Variables locations ** 
//ADDRESS    SIZE    VARIABLE
//----------------------------------------------
0x0000       [1]    INDF
0x0003       [1]    STATUS
0x0004       [1]    FSR
0x0007       [1]    PORTC
0x0008       [1]    PORTD
0x000A       [1]    PCLATH
0x0020       [2]    ___DoICPAddr
0x0022       [2]    _x
0x0024       [2]    FARG_beep_beeps
0x0024       [2]    FARG_Rel_steps
0x0070       [1]    R0
0x0071       [1]    R1
0x0072       [1]    R2
0x0073       [1]    R3
0x0074       [1]    R4
0x0075       [1]    R5
0x0076       [1]    R6
0x0077       [1]    R7
0x0078       [1]    R8
0x0079       [1]    R9
0x007A       [1]    R10
0x007B       [1]    R11
0x007C       [1]    R12
0x007D       [1]    R13
0x007E       [1]    R14
0x007F       [1]    R15
0x0087       [1]    TRISC
0x0088       [1]    TRISD
